[ERROR] Tests run: 21, Failures: 1, Errors: 0, Skipped: 0, Time elapsed: 0.694 s <<< FAILURE! - in saralarchan.org.core.CommonUtilsTest
[ERROR] testResolvespecifierWithRequestJsonPath  Time elapsed: 0.012 s  <<< FAILURE!
org.opentest4j.AssertionFailedError: expected: <value> but was: <>
	at saralarchan.org.core.CommonUtilsTest.testResolvespecifierWithRequestJsonPath(CommonUtilsTest.java:188)

[INFO]
[INFO] Results:
[INFO]
[ERROR] Failures:
[ERROR]   CommonUtilsTest.testResolvespecifierWithRequestJsonPath:188 expected: <value> but was: <>
[INFO]
[ERROR] Tests run: 21, Failures: 1, Errors: 0, Skipped: 0
[INFO]
[INFO] ------------------------------------------------------------------------
[INFO] BUILD FAILURE
[INFO] ------------------------------------------------------------------------
[INFO] Total time:  3.657 s
[INFO] Finished at: 2023-08-18T15:04:22+05:30
[INFO] ------------------------------------------------------------------------