13:16:33.987 [main] ERROR saralarchan.org.logger.LogManager -- Error occurred while getting data from Page Form :
java.lang.NullPointerException: Cannot invoke "java.io.BufferedReader.read(char[])" because "bufferedReader" is null
	at saralarchan.org.core.CommonUtils.getInputDataFromRequest(CommonUtils.java:42)
	at CommonUtilsTest.testGetInputDataFromRequest(CommonUtilsTest.java:15)
	at java.base/jdk.internal.reflect.DirectMethodHandleAccessor.invoke(DirectMethodHandleAccessor.java:104)
	at java.base/java.lang.reflect.Method.invoke(Method.java:578)
	at org.junit.platform.commons.util.ReflectionUtils.invokeMethod(ReflectionUtils.java:727)
	at org.junit.jupiter.engine.execution.MethodInvocation.proceed(MethodInvocation.java:60)
	at org.junit.jupiter.engine.execution.InvocationInterceptorChain$ValidatingInvocation.proceed(InvocationInterceptorChain.java:131)
	at org.junit.jupiter.engine.extension.TimeoutExtension.intercept(TimeoutExtension.java:156)
	at org.junit.jupiter.engine.extension.TimeoutExtension.interceptTestableMethod(TimeoutExtension.java:147)
	at org.junit.jupiter.engine.extension.TimeoutExtension.interceptTestMethod(TimeoutExtension.java:86)
	at org.junit.jupiter.engine.execution.InterceptingExecutableInvoker$ReflectiveInterceptorCall.lambda$ofVoidMethod$0(InterceptingExecutableInvoker.java:103)
	at org.junit.jupiter.engine.execution.InterceptingExecutableInvoker.lambda$invoke$0(InterceptingExecutableInvoker.java:93)
	at org.junit.jupiter.engine.execution.InvocationInterceptorChain$InterceptedInvocation.proceed(InvocationInterceptorChain.java:106)
	at org.junit.jupiter.engine.execution.InvocationInterceptorChain.proceed(InvocationInterceptorChain.java:64)
	at org.junit.jupiter.engine.execution.InvocationInterceptorChain.chainAndInvoke(InvocationInterceptorChain.java:45)
	at org.junit.jupiter.engine.execution.InvocationInterceptorChain.invoke(InvocationInterceptorChain.java:37)
	at org.junit.jupiter.engine.execution.InterceptingExecutableInvoker.invoke(InterceptingExecutableInvoker.java:92)
	at org.junit.jupiter.engine.execution.InterceptingExecutableInvoker.invoke(InterceptingExecutableInvoker.java:86)
	at org.junit.jupiter.engine.descriptor.TestMethodTestDescriptor.lambda$invokeTestMethod$7(TestMethodTestDescriptor.java:217)
	at org.junit.platform.engine.support.hierarchical.ThrowableCollector.execute(ThrowableCollector.java:73)
	at org.junit.jupiter.engine.descriptor.TestMethodTestDescriptor.invokeTestMethod(TestMethodTestDescriptor.java:213)
	at org.junit.jupiter.engine.descriptor.TestMethodTestDescriptor.execute(TestMethodTestDescriptor.java:138)
	at org.junit.jupiter.engine.descriptor.TestMethodTestDescriptor.execute(TestMethodTestDescriptor.java:68)
	at org.junit.platform.engine.support.hierarchical.NodeTestTask.lambda$executeRecursively$6(NodeTestTask.java:151)
	at org.junit.platform.engine.support.hierarchical.ThrowableCollector.execute(ThrowableCollector.java:73)
	at org.junit.platform.engine.support.hierarchical.NodeTestTask.lambda$executeRecursively$8(NodeTestTask.java:141)
	at org.junit.platform.engine.support.hierarchical.Node.around(Node.java:137)
	at org.junit.platform.engine.support.hierarchical.NodeTestTask.lambda$executeRecursively$9(NodeTestTask.java:139)
	at org.junit.platform.engine.support.hierarchical.ThrowableCollector.execute(ThrowableCollector.java:73)
	at org.junit.platform.engine.support.hierarchical.NodeTestTask.executeRecursively(NodeTestTask.java:138)
	at org.junit.platform.engine.support.hierarchical.NodeTestTask.execute(NodeTestTask.java:95)
	at java.base/java.util.ArrayList.forEach(ArrayList.java:1511)
	at org.junit.platform.engine.support.hierarchical.SameThreadHierarchicalTestExecutorService.invokeAll(SameThreadHierarchicalTestExecutorService.java:41)
	at org.junit.platform.engine.support.hierarchical.NodeTestTask.lambda$executeRecursively$6(NodeTestTask.java:155)
	at org.junit.platform.engine.support.hierarchical.ThrowableCollector.execute(ThrowableCollector.java:73)
	at org.junit.platform.engine.support.hierarchical.NodeTestTask.lambda$executeRecursively$8(NodeTestTask.java:141)
	at org.junit.platform.engine.support.hierarchical.Node.around(Node.java:137)
	at org.junit.platform.engine.support.hierarchical.NodeTestTask.lambda$executeRecursively$9(NodeTestTask.java:139)
	at org.junit.platform.engine.support.hierarchical.ThrowableCollector.execute(ThrowableCollector.java:73)
	at org.junit.platform.engine.support.hierarchical.NodeTestTask.executeRecursively(NodeTestTask.java:138)
	at org.junit.platform.engine.support.hierarchical.NodeTestTask.execute(NodeTestTask.java:95)
	at java.base/java.util.ArrayList.forEach(ArrayList.java:1511)
	at org.junit.platform.engine.support.hierarchical.SameThreadHierarchicalTestExecutorService.invokeAll(SameThreadHierarchicalTestExecutorService.java:41)
	at org.junit.platform.engine.support.hierarchical.NodeTestTask.lambda$executeRecursively$6(NodeTestTask.java:155)
	at org.junit.platform.engine.support.hierarchical.ThrowableCollector.execute(ThrowableCollector.java:73)
	at org.junit.platform.engine.support.hierarchical.NodeTestTask.lambda$executeRecursively$8(NodeTestTask.java:141)
	at org.junit.platform.engine.support.hierarchical.Node.around(Node.java:137)
	at org.junit.platform.engine.support.hierarchical.NodeTestTask.lambda$executeRecursively$9(NodeTestTask.java:139)
	at org.junit.platform.engine.support.hierarchical.ThrowableCollector.execute(ThrowableCollector.java:73)
	at org.junit.platform.engine.support.hierarchical.NodeTestTask.executeRecursively(NodeTestTask.java:138)
	at org.junit.platform.engine.support.hierarchical.NodeTestTask.execute(NodeTestTask.java:95)
	at org.junit.platform.engine.support.hierarchical.SameThreadHierarchicalTestExecutorService.submit(SameThreadHierarchicalTestExecutorService.java:35)
	at org.junit.platform.engine.support.hierarchical.HierarchicalTestExecutor.execute(HierarchicalTestExecutor.java:57)
	at org.junit.platform.engine.support.hierarchical.HierarchicalTestEngine.execute(HierarchicalTestEngine.java:54)
	at org.junit.platform.launcher.core.DefaultLauncher.execute(DefaultLauncher.java:220)
	at org.junit.platform.launcher.core.DefaultLauncher.lambda$execute$6(DefaultLauncher.java:188)
	at org.junit.platform.launcher.core.DefaultLauncher.withInterceptedStreams(DefaultLauncher.java:202)
	at org.junit.platform.launcher.core.DefaultLauncher.execute(DefaultLauncher.java:181)
	at org.junit.platform.launcher.core.DefaultLauncher.execute(DefaultLauncher.java:128)
	at org.apache.maven.surefire.junitplatform.JUnitPlatformProvider.invokeAllTests(JUnitPlatformProvider.java:150)
	at org.apache.maven.surefire.junitplatform.JUnitPlatformProvider.invoke(JUnitPlatformProvider.java:124)
	at org.apache.maven.surefire.booter.ForkedBooter.invokeProviderInSameClassLoader(ForkedBooter.java:384)
	at org.apache.maven.surefire.booter.ForkedBooter.runSuitesInProcess(ForkedBooter.java:345)
	at org.apache.maven.surefire.booter.ForkedBooter.execute(ForkedBooter.java:126)
	at org.apache.maven.surefire.booter.ForkedBooter.main(ForkedBooter.java:418)
13:16:34.000 [main] DEBUG saralarchan.org.logger.LogManager -- Resolving source value:testValue
[ERROR] Tests run: 9, Failures: 2, Errors: 0, Skipped: 0, Time elapsed: 0.519 s <<< FAILURE! - in CommonUtilsTest
[ERROR] testGetGlobalProp  Time elapsed: 0.096 s  <<< FAILURE!
org.opentest4j.AssertionFailedError: expected: not <null>
	at CommonUtilsTest.testGetGlobalProp(CommonUtilsTest.java:68)

[ERROR] testSetTarget  Time elapsed: 0 s  <<< FAILURE!
org.opentest4j.AssertionFailedError: expected: <true> but was: <false>
	at CommonUtilsTest.testSetTarget(CommonUtilsTest.java:52)

[ERROR] Tests run: 9, Failures: 0, Errors: 9, Skipped: 0, Time elapsed: 0.001 s <<< FAILURE! - in saralarchan.org.core.CommonUtilsTest
[ERROR] testGetCorrelationIDWithCookie  Time elapsed: 0 s  <<< ERROR!
java.lang.Error:
Unresolved compilation problem:
	The declared package "" does not match the expected package "saralarchan.org.core"

	at saralarchan.org.core.CommonUtilsTest.<init>(CommonUtilsTest.java:1)

[ERROR] testPrepareResponse  Time elapsed: 0 s  <<< ERROR!
java.lang.Error:
Unresolved compilation problem:
	The declared package "" does not match the expected package "saralarchan.org.core"

	at saralarchan.org.core.CommonUtilsTest.<init>(CommonUtilsTest.java:1)

[ERROR] testGetGlobalProp  Time elapsed: 0 s  <<< ERROR!
java.lang.Error:
Unresolved compilation problem:
	The declared package "" does not match the expected package "saralarchan.org.core"

	at saralarchan.org.core.CommonUtilsTest.<init>(CommonUtilsTest.java:1)

[ERROR] testInitSystemProps  Time elapsed: 0 s  <<< ERROR!
java.lang.Error:
Unresolved compilation problem:
	The declared package "" does not match the expected package "saralarchan.org.core"

	at saralarchan.org.core.CommonUtilsTest.<init>(CommonUtilsTest.java:1)

[ERROR] testGetInputDataFromRequest  Time elapsed: 0 s  <<< ERROR!
java.lang.Error:
Unresolved compilation problem:
	The declared package "" does not match the expected package "saralarchan.org.core"

	at saralarchan.org.core.CommonUtilsTest.<init>(CommonUtilsTest.java:1)

[ERROR] testSetTarget  Time elapsed: 0 s  <<< ERROR!
java.lang.Error:
Unresolved compilation problem:
	The declared package "" does not match the expected package "saralarchan.org.core"

	at saralarchan.org.core.CommonUtilsTest.<init>(CommonUtilsTest.java:1)

[ERROR] testGetCorrelationID  Time elapsed: 0 s  <<< ERROR!
java.lang.Error:
Unresolved compilation problem:
	The declared package "" does not match the expected package "saralarchan.org.core"

	at saralarchan.org.core.CommonUtilsTest.<init>(CommonUtilsTest.java:1)

[ERROR] testResolveSource  Time elapsed: 0 s  <<< ERROR!
java.lang.Error:
Unresolved compilation problem:
	The declared package "" does not match the expected package "saralarchan.org.core"

	at saralarchan.org.core.CommonUtilsTest.<init>(CommonUtilsTest.java:1)

[ERROR] testResolvespecifier  Time elapsed: 0.001 s  <<< ERROR!
java.lang.Error:
Unresolved compilation problem:
	The declared package "" does not match the expected package "saralarchan.org.core"

	at saralarchan.org.core.CommonUtilsTest.<init>(CommonUtilsTest.java:1)