[ERROR] Tests run: 15, Failures: 0, Errors: 1, Skipped: 0, Time elapsed: 0.739 s <<< FAILURE! - in saralarchan.org.core.CommonUtilsTest
[ERROR] testResolveSourceWithNoVar  Time elapsed: 0.057 s  <<< ERROR!
com.jayway.jsonpath.PathNotFoundException: Expected to find an object with property ['testValue'] in path $ but found 'java.lang.Object'. This is not a json object according to the JsonProvider: 'com.jayway.jsonpath.spi.json.JsonSmartJsonProvider'.

[INFO]
[INFO] Results:
[INFO]
[ERROR] Errors:
[ERROR]   CommonUtilsTest.testResolveSourceWithNoVar Â» PathNotFound Expected to find an ...
[INFO]
[ERROR] Tests run: 15, Failures: 0, Errors: 1, Skipped: 0
[INFO]
[INFO] ------------------------------------------------------------------------
[INFO] BUILD FAILURE
[INFO] ------------------------------------------------------------------------
[INFO] Total time:  4.513 s
[INFO] Finished at: 2023-08-18T14:25:55+05:30
[INFO] ------------------------------------------------------------------------