[ERROR] Tests run: 21, Failures: 2, Errors: 0, Skipped: 0, Time elapsed: 0.697 s <<< FAILURE! - in saralarchan.org.core.CommonUtilsTest
[ERROR] testResolvespecifierWithInvalidToken  Time elapsed: 0.007 s  <<< FAILURE!
org.opentest4j.AssertionFailedError: expected: <null> but was: <INVALID>
	at saralarchan.org.core.CommonUtilsTest.testResolvespecifierWithInvalidToken(CommonUtilsTest.java:205)

[ERROR] testResolvespecifierWithRequestJsonPath  Time elapsed: 0.006 s  <<< FAILURE!
org.opentest4j.AssertionFailedError: expected: <value> but was: <>
	at saralarchan.org.core.CommonUtilsTest.testResolvespecifierWithRequestJsonPath(CommonUtilsTest.java:188)

[INFO]
[INFO] Results:
[INFO]
[ERROR] Failures:
[ERROR]   CommonUtilsTest.testResolvespecifierWithInvalidToken:205 expected: <null> but was: <INVALID>
[ERROR]   CommonUtilsTest.testResolvespecifierWithRequestJsonPath:188 expected: <value> but was: <>
[INFO]
[ERROR] Tests run: 21, Failures: 2, Errors: 0, Skipped: 0
[INFO]
[INFO] ------------------------------------------------------------------------
[INFO] BUILD FAILURE
[INFO] ------------------------------------------------------------------------
[INFO] Total time:  3.445 s
[INFO] Finished at: 2023-08-18T14:45:02+05:30
[INFO] ------------------------------------------------------------------------